10/23/2018 09:59:10 PM 
10/23/2018 09:59:13 PM https://en.wikipedia.org/wiki/Aaaah
10/23/2018 09:59:13 PM [" When the answer was revealed to be 42, Deep Thought explained that the answer was incomprehensible because the beings didn't know what they were asking.", ' (Later on, referencing this, Adams would create the 42 Puzzle, a puzzle which could be approached in multiple ways, all yielding the answer 42.', 'title=Original_Records&amp;action=edit&amp;redlink=1" title="Original Records (page does not exist)">Original Records in the United Kingdom in 1979 and 1980, with the catalogue numbers ORA042 and ORA054 respectively.']
10/23/2018 09:59:17 PM https://en.wikipedia.org/wiki/Aaaah (film)
10/23/2018 09:59:17 PM [" When the answer was revealed to be 42, Deep Thought explained that the answer was incomprehensible because the beings didn't know what they were asking.", ' (Later on, referencing this, Adams would create the 42 Puzzle, a puzzle which could be approached in multiple ways, all yielding the answer 42.', 'title=Original_Records&amp;action=edit&amp;redlink=1" title="Original Records (page does not exist)">Original Records in the United Kingdom in 1979 and 1980, with the catalogue numbers ORA042 and ORA054 respectively.']
10/23/2018 09:59:21 PM https://en.wikipedia.org/wiki/Aaadc
10/23/2018 09:59:21 PM [" When the answer was revealed to be 42, Deep Thought explained that the answer was incomprehensible because the beings didn't know what they were asking.", ' (Later on, referencing this, Adams would create the 42 Puzzle, a puzzle which could be approached in multiple ways, all yielding the answer 42.', 'title=Original_Records&amp;action=edit&amp;redlink=1" title="Original Records (page does not exist)">Original Records in the United Kingdom in 1979 and 1980, with the catalogue numbers ORA042 and ORA054 respectively.']
10/23/2018 09:59:26 PM https://en.wikipedia.org/wiki/Aaadonta
10/23/2018 09:59:26 PM [" When the answer was revealed to be 42, Deep Thought explained that the answer was incomprehensible because the beings didn't know what they were asking.", ' (Later on, referencing this, Adams would create the 42 Puzzle, a puzzle which could be approached in multiple ways, all yielding the answer 42.', 'title=Original_Records&amp;action=edit&amp;redlink=1" title="Original Records (page does not exist)">Original Records in the United Kingdom in 1979 and 1980, with the catalogue numbers ORA042 and ORA054 respectively.']
10/23/2018 09:59:30 PM https://en.wikipedia.org/wiki/Aaadonta angaurana
10/23/2018 09:59:30 PM [" When the answer was revealed to be 42, Deep Thought explained that the answer was incomprehensible because the beings didn't know what they were asking.", ' (Later on, referencing this, Adams would create the 42 Puzzle, a puzzle which could be approached in multiple ways, all yielding the answer 42.', 'title=Original_Records&amp;action=edit&amp;redlink=1" title="Original Records (page does not exist)">Original Records in the United Kingdom in 1979 and 1980, with the catalogue numbers ORA042 and ORA054 respectively.']
10/23/2018 09:59:35 PM https://en.wikipedia.org/wiki/Aaadonta constricta
10/23/2018 09:59:35 PM [" When the answer was revealed to be 42, Deep Thought explained that the answer was incomprehensible because the beings didn't know what they were asking.", ' (Later on, referencing this, Adams would create the 42 Puzzle, a puzzle which could be approached in multiple ways, all yielding the answer 42.', 'title=Original_Records&amp;action=edit&amp;redlink=1" title="Original Records (page does not exist)">Original Records in the United Kingdom in 1979 and 1980, with the catalogue numbers ORA042 and ORA054 respectively.']
10/23/2018 10:00:42 PM 
10/23/2018 10:02:48 PM 
10/23/2018 10:03:05 PM 
10/23/2018 10:03:05 PM 
10/23/2018 10:03:08 PM 
10/23/2018 10:03:09 PM 
10/23/2018 10:03:11 PM 
10/23/2018 10:03:14 PM 
10/23/2018 10:03:16 PM 
10/23/2018 10:03:20 PM 
10/23/2018 10:03:24 PM 
10/23/2018 10:03:26 PM 
10/23/2018 10:03:30 PM 
10/23/2018 10:03:32 PM 
10/23/2018 10:03:35 PM 
10/23/2018 10:03:39 PM 
10/23/2018 10:03:41 PM 
10/23/2018 10:03:42 PM 
10/23/2018 10:03:45 PM 
10/23/2018 10:03:48 PM 
10/23/2018 10:03:50 PM 
10/23/2018 10:03:52 PM 
10/23/2018 10:03:55 PM 
10/23/2018 10:03:58 PM 
10/23/2018 10:04:00 PM 
10/23/2018 10:04:02 PM 
10/23/2018 10:04:04 PM 
10/23/2018 10:04:06 PM 
10/23/2018 10:04:08 PM 
10/23/2018 10:04:10 PM 
10/23/2018 10:04:12 PM 
10/23/2018 10:04:14 PM 
10/23/2018 10:04:18 PM 
10/23/2018 10:04:20 PM 
10/23/2018 10:04:23 PM 
10/23/2018 10:04:24 PM 
10/23/2018 10:04:28 PM 
10/23/2018 10:04:30 PM 
10/23/2018 10:04:32 PM 
10/23/2018 10:04:35 PM 
10/23/2018 10:04:36 PM 
10/23/2018 10:04:38 PM https://en.wikipedia.org/wiki/Aabaco
10/23/2018 10:04:38 PM ['-Inc-Feb-2008-425_35-0"><a href="#cite_note-Yahoo!', '1 billion acquisition of Tumblr that had yet to prove beneficial and the forays into original video content that led to a $42 million write-down.']
10/23/2018 10:04:39 PM 
10/23/2018 10:04:41 PM https://en.wikipedia.org/wiki/Aabaco Small Business
10/23/2018 10:04:41 PM ['-Inc-Feb-2008-425_35-0"><a href="#cite_note-Yahoo!', '1 billion acquisition of Tumblr that had yet to prove beneficial and the forays into original video content that led to a $42 million write-down.']
10/23/2018 10:04:42 PM 
10/23/2018 10:04:46 PM 
10/23/2018 10:04:49 PM 
10/23/2018 10:04:51 PM 
10/23/2018 10:04:53 PM 
10/23/2018 10:04:55 PM 
10/23/2018 10:04:56 PM 
10/23/2018 10:05:00 PM 
10/23/2018 10:05:04 PM 
10/23/2018 10:05:07 PM 
10/23/2018 10:05:10 PM 
10/23/2018 10:05:12 PM 
10/23/2018 10:05:13 PM https://en.wikipedia.org/wiki/Aabba
10/23/2018 10:05:13 PM ['42 km2, about 35% of the area of town occupied by full of buildings and institutions and the rest divided between agricultural land, republic land and WAQF land.']
10/23/2018 10:05:16 PM 
10/23/2018 10:05:18 PM 
10/23/2018 10:05:20 PM 
10/23/2018 10:05:23 PM 
10/23/2018 10:05:26 PM 
10/23/2018 10:05:29 PM 
10/23/2018 10:05:32 PM 
10/23/2018 10:05:33 PM 
10/23/2018 10:05:36 PM 
10/23/2018 10:05:38 PM 
10/23/2018 10:05:41 PM 
10/23/2018 10:05:44 PM 
10/23/2018 10:05:47 PM 
10/23/2018 10:05:48 PM 
10/23/2018 10:05:49 PM https://en.wikipedia.org/wiki/Aabenraa Amt
10/23/2018 10:05:52 PM 
10/23/2018 10:05:53 PM https://en.wikipedia.org/wiki/Aabenraa County
10/23/2018 10:05:54 PM 
10/23/2018 10:05:58 PM 
10/23/2018 10:06:00 PM 
10/23/2018 10:06:03 PM 
10/23/2018 10:06:07 PM 
10/23/2018 10:06:11 PM 
10/23/2018 10:06:14 PM 
10/23/2018 10:06:16 PM 
10/23/2018 10:06:20 PM 
10/23/2018 10:06:23 PM 
10/23/2018 10:06:26 PM 
10/23/2018 10:06:30 PM 
10/23/2018 10:06:33 PM 
10/23/2018 10:06:37 PM 
10/23/2018 10:06:40 PM 
10/23/2018 10:06:41 PM 
10/23/2018 10:06:44 PM 
10/23/2018 10:06:47 PM 
10/23/2018 10:06:49 PM https://en.wikipedia.org/wiki/Aabo
10/23/2018 10:06:49 PM ['5\xa0C (42\xa0F).']
10/23/2018 10:06:50 PM 
10/23/2018 10:06:54 PM 
10/23/2018 10:06:56 PM 
10/23/2018 10:06:59 PM 
10/23/2018 10:07:03 PM 
10/23/2018 10:07:06 PM 
10/23/2018 10:07:10 PM 
10/23/2018 10:07:13 PM 
10/23/2018 10:07:15 PM 
10/23/2018 10:07:17 PM 
10/23/2018 10:07:19 PM 
10/23/2018 10:07:21 PM 
10/23/2018 10:07:25 PM 
10/23/2018 10:07:27 PM 
10/23/2018 10:07:31 PM 
10/23/2018 10:07:34 PM 
10/23/2018 10:07:37 PM 
10/23/2018 10:07:38 PM 
10/23/2018 10:07:41 PM 
10/23/2018 10:07:45 PM 
10/23/2018 10:07:48 PM 
10/23/2018 10:07:52 PM 
